[00:27:58] ======================================================================
[00:27:58]   PHASE 0: THE DECISIVE ABLATIONS
[00:27:58] ======================================================================
[00:27:58] ======================================================================
[00:27:58]   SCHEMA INSPECTION — verify these match your data
[00:27:58] ======================================================================
[00:27:58] 
  --- candidates: /var/tmp/u24sf51014/sro/work/sro-proof-hotpot/exp0c/candidates/dev_M5_7b_K200.jsonl ---
[00:27:58]   Keys: ['schema_version', 'split', 'qid', 'candidates', 'generation_context', 'stats']
[00:27:58]   candidates[0] keys: ['answer_id', 'answer_text']
[00:27:58] 
  --- hop_scores: /var/tmp/u24sf51014/sro/work/sro-proof-hotpot/exp0c/preds/dev_hop_scores.jsonl ---
[00:27:58]   Keys: ['qid', 'gold', 'flat_em', 'min_em', 'mean_em', 'oracle_em', 'candidates']
[00:27:58]   candidates[0] keys: ['cand_idx', 'answer', 'nli_flat', 'nli_hop1', 'nli_hop2', 'min_hop', 'mean_hop', 'imbalance']
[00:27:58] 
  --- qa_scores: /var/tmp/u24sf51014/sro/work/sro-proof-hotpot/exp_phaseA/A1.1/qa_scores/dev_qa_hop_scores.jsonl ---
[00:27:58]   Keys: ['qid', 'question', 'gold', 'hop1_len', 'hop2_len', 'candidates']
[00:27:58]   candidates[0] keys: ['answer_id', 'answer_text', 'qa_hop1', 'qa_hop2', 'qa_flat', 'qa_hop_balance', 'qa_min_hop']
[00:27:58] 
  --- lex_features: /var/tmp/u24sf51014/sro/work/sro-proof-hotpot/exp_phaseA/A1.2/lex_features/dev_lex_features.jsonl ---
[00:27:58]   Keys: ['qid', 'question', 'gold', 'q_entities', 'hop1_len', 'hop2_len', 'candidates']
[00:27:58]   candidates[0] keys: ['answer_id', 'answer_text', 'ans_in_hop1', 'ans_in_hop2', 'ans_in_both', 'ans_in_neither', 'lex_hop1', 'lex_hop2', 'lex_flat', 'lex_hop_balance', 'lex_min_hop', 'q_entity_in_hop1', 'q_entity_in_hop2']
[00:27:58] 
  --- monolithic_preds: /var/tmp/u24sf51014/sro/work/sro-proof-hotpot/exp0c/preds/dev_chain_verifier_mean_preds.jsonl ---
[00:27:58]   Keys: ['qid', 'pred', 'probs', 'best_idx']
[00:27:58] 
======================================================================
[00:27:58]   ✓ candidates: /var/tmp/u24sf51014/sro/work/sro-proof-hotpot/exp0c/candidates/dev_M5_7b_K200.jsonl
[00:27:58]   ✓ hop_scores: /var/tmp/u24sf51014/sro/work/sro-proof-hotpot/exp0c/preds/dev_hop_scores.jsonl
[00:27:58]   ✓ qa_scores: /var/tmp/u24sf51014/sro/work/sro-proof-hotpot/exp_phaseA/A1.1/qa_scores/dev_qa_hop_scores.jsonl
[00:27:58]   ✓ lex_features: /var/tmp/u24sf51014/sro/work/sro-proof-hotpot/exp_phaseA/A1.2/lex_features/dev_lex_features.jsonl
[00:27:58]   ✓ mono_preds: /var/tmp/u24sf51014/sro/work/sro-proof-hotpot/exp0c/preds/dev_chain_verifier_mean_preds.jsonl
[00:27:58]   ✓ gold: /var/tmp/u24sf51014/sro/work/sro-proof-hotpot/data/hotpotqa/raw/hotpot_dev_distractor_v1.json
[00:27:58] 
Loading data ...
[00:27:59]   Gold: 7405 questions
[00:27:59]   Candidates: 7405 questions
[00:27:59]   Hop scores: 7405 questions
[00:28:00]   QA scores: 7405 questions
[00:28:00]   Lex features: 7405 questions
[00:28:00]   Monolithic preds: 7405 questions
[00:28:00]   Loaded in 1.8s
[00:28:00] 
Applying Stage 1 garbage filter ...
[00:28:00]   Before: 37025 candidates
[00:28:00]   After:  28581 candidates
[00:28:00]   Filter rate: 22.8%
[00:28:00]   All-filtered questions: 1289
[00:28:00]   Oracle EM before filter: 3696/7405 = 0.4991
[00:28:00]   Oracle EM after filter:  3696/7405 = 0.4991
[00:28:00]   False negatives (correct answers filtered): 0
[00:28:00] 
Building feature matrices ...
[00:28:01]   Feature matrices built for 6116 questions
[00:28:01] Running Z1: majority vote on filtered pool ...
[00:28:01]   Z1 result: 3437/7405 = 0.4641 EM
[00:28:01] 
[00:28:02] Running Z2_surface_only: 10 features ...
[00:28:02]   Features: ['nli_score', 'nli_rank', 'nli_score_gap', 'answer_freq', 'is_majority', 'answer_len_chars', 'answer_len_words', 'cand_idx', 'unique_count', 'answer_freq_filtered']
[00:28:03]   Matrix: 28581 candidates × 10 features
[00:28:03]   Positive rate: 0.5591 (15980/28581)
[00:28:04]   Fold 1/5: train=22844cands(4892q) val=5737cands(1224q)
[00:28:04]   Fold 2/5: train=22889cands(4893q) val=5692cands(1223q)
[00:28:04]   Fold 3/5: train=22841cands(4893q) val=5740cands(1223q)
[00:28:05]   Fold 4/5: train=22873cands(4893q) val=5708cands(1223q)
[00:28:05]   Fold 5/5: train=22877cands(4893q) val=5704cands(1223q)
[00:28:05]   Z2_surface_only result: 3422/7405 = 0.4621 EM
[00:28:05]   Feature importances (top-10):
[00:28:05]     # 1  answer_freq_filtered      0.4100
[00:28:05]     # 2  unique_count              0.1276
[00:28:05]     # 3  answer_len_chars          0.0827
[00:28:05]     # 4  answer_freq               0.0804
[00:28:05]     # 5  nli_score                 0.0726
[00:28:05]     # 6  answer_len_words          0.0679
[00:28:05]     # 7  nli_score_gap             0.0564
[00:28:05]     # 8  is_majority               0.0560
[00:28:05]     # 9  cand_idx                  0.0261
[00:28:05]     #10  nli_rank                  0.0202
[00:28:05] 
[00:28:05] Running Z3_chain_only: 10 features ...
[00:28:05]   Features: ['cand_idx', 'nli_hop1', 'nli_hop2', 'nli_hop_balance', 'qa_hop1', 'qa_hop2', 'qa_hop_balance', 'lex_hop1', 'lex_hop2', 'lex_hop_balance']
[00:28:05]   Matrix: 28581 candidates × 10 features
[00:28:05]   Positive rate: 0.5591 (15980/28581)
[00:28:05]   Fold 1/5: train=22844cands(4892q) val=5737cands(1224q)
[00:28:06]   Fold 2/5: train=22889cands(4893q) val=5692cands(1223q)
[00:28:06]   Fold 3/5: train=22841cands(4893q) val=5740cands(1223q)
[00:28:06]   Fold 4/5: train=22873cands(4893q) val=5708cands(1223q)
[00:28:06]   Fold 5/5: train=22877cands(4893q) val=5704cands(1223q)
[00:28:06]   Z3_chain_only result: 3453/7405 = 0.4663 EM
[00:28:06]   Feature importances (top-10):
[00:28:06]     # 1  qa_hop2                   0.1650
[00:28:06]     # 2  qa_hop_balance            0.1193
[00:28:06]     # 3  lex_hop1                  0.1076
[00:28:06]     # 4  lex_hop_balance           0.1044
[00:28:06]     # 5  lex_hop2                  0.1006
[00:28:06]     # 6  nli_hop_balance           0.1000
[00:28:06]     # 7  nli_hop1                  0.0973
[00:28:06]     # 8  nli_hop2                  0.0970
[00:28:06]     # 9  qa_hop1                   0.0894
[00:28:06]     #10  cand_idx                  0.0193
[00:28:06] 
[00:28:06] Running Z_full_all_features: 19 features ...
[00:28:06]   Features: ['nli_score', 'nli_rank', 'nli_score_gap', 'answer_freq', 'is_majority', 'answer_len_chars', 'answer_len_words', 'cand_idx', 'unique_count', 'answer_freq_filtered', 'nli_hop1', 'nli_hop2', 'nli_hop_balance', 'qa_hop1', 'qa_hop2', 'qa_hop_balance', 'lex_hop1', 'lex_hop2', 'lex_hop_balance']
[00:28:07]   Matrix: 28581 candidates × 19 features
[00:28:07]   Positive rate: 0.5591 (15980/28581)
[00:28:07]   Fold 1/5: train=22844cands(4892q) val=5737cands(1224q)
[00:28:07]   Fold 2/5: train=22889cands(4893q) val=5692cands(1223q)
[00:28:07]   Fold 3/5: train=22841cands(4893q) val=5740cands(1223q)
[00:28:08]   Fold 4/5: train=22873cands(4893q) val=5708cands(1223q)
[00:28:08]   Fold 5/5: train=22877cands(4893q) val=5704cands(1223q)
[00:28:08]   Z_full_all_features result: 3479/7405 = 0.4698 EM
[00:28:08]   Feature importances (top-10):
[00:28:08]     # 1  answer_freq_filtered      0.3364
[00:28:08]     # 2  qa_hop2                   0.0636
[00:28:08]     # 3  answer_freq               0.0523
[00:28:08]     # 4  answer_len_chars          0.0507
[00:28:08]     # 5  qa_hop_balance            0.0423
[00:28:08]     # 6  lex_hop1                  0.0416
[00:28:08]     # 7  lex_hop_balance           0.0410
[00:28:08]     # 8  answer_len_words          0.0397
[00:28:08]     # 9  nli_hop_balance           0.0392
[00:28:08]     #10  nli_hop2                  0.0391
[00:28:08] 
[00:28:08] ======================================================================
[00:28:08]   PHASE 0 RESULTS — THE DECISIVE TABLE
[00:28:08] ======================================================================
[00:28:08]   System                                         EM  Δ vs mono    Δ vs Z1
[00:28:08]   --------------------------------------------------------------------
[00:28:08]   Monolithic XGBoost (reference)             0.4666    +0.0000    +0.0025
[00:28:08]   Z1: Stage1 + majority vote                 0.4641    -0.0025    +0.0000
[00:28:08]   Z2: Stage1 + XGB surface only              0.4621    -0.0045    -0.0020
[00:28:08]   Z3: Stage1 + XGB chain only                0.4663    -0.0003    +0.0022
[00:28:08]   Z_full: Stage1 + XGB all 19                0.4698    +0.0032    +0.0057
[00:28:08]   --------------------------------------------------------------------
[00:28:08] 
[00:28:08]   INTERPRETATION:
[00:28:08]   Chain feature marginal contribution: +0.0077 (+0.77pp)
[00:28:08]   Surface feature marginal contribution: +0.0035 (+0.35pp)
[00:28:08]   Full model vs majority vote: +0.0057 (+0.57pp)
[00:28:08]   ✓ CHAIN FEATURES CONTRIBUTE MEANINGFULLY (≥0.2pp)
[00:28:08]     → Chain-aware claim survives
[00:28:08] 
[00:28:08] ======================================================================
[00:28:08]   Results saved to /var/tmp/u24sf51014/sro/work/sro-proof-hotpot/exp_phase0/results/phase0_results.json
[00:28:08]   Predictions saved to /var/tmp/u24sf51014/sro/work/sro-proof-hotpot/exp_phase0/results/z*_preds.jsonl
