[launcher] 2Wiki files confirmed present — fold=0 runs will include zero-shot eval.

══════════════════════════════════════════════════════════════════
  Cross-Hop Attention Experiment — Full 3-Arm Run
  Architectures : A (baseline)  B (lightweight)  C (standard)
  Seeds         : 42  123  456
  Folds         : 5   Epochs : 8   Batch : 16
  Total runs    : 30   Done : 10   Pending : 20
══════════════════════════════════════════════════════════════════

[launcher] Starting  arch=A  seed=456  fold=0  GPU=0
[launcher]   log : exp_crosshop/logs/A_s456_f0.log
[launcher]   2Wiki: skipped
[launcher] Starting  arch=A  seed=456  fold=1  GPU=1
[launcher]   log : exp_crosshop/logs/A_s456_f1.log
[launcher]   2Wiki: skipped
[launcher] PID 149706 — OK
[launcher] PID 149708 — OK

[launcher] Progress: 12/30 complete

[launcher] Starting  arch=A  seed=456  fold=2  GPU=0
[launcher]   log : exp_crosshop/logs/A_s456_f2.log
[launcher]   2Wiki: skipped
[launcher] Starting  arch=A  seed=456  fold=3  GPU=1
[launcher]   log : exp_crosshop/logs/A_s456_f3.log
[launcher]   2Wiki: skipped
[launcher] PID 239303 — OK
[launcher] PID 239305 — OK

[launcher] Progress: 14/30 complete

[launcher] Starting  arch=A  seed=456  fold=4  GPU=0
[launcher]   log : exp_crosshop/logs/A_s456_f4.log
[launcher]   2Wiki: skipped
[launcher] Starting  arch=B  seed=42  fold=0  GPU=1
[launcher]   log : exp_crosshop/logs/B_s42_f0.log
[launcher]   2Wiki: skipped
[launcher] PID 322027 — OK
[launcher] PID 322029 — OK

[launcher] Progress: 16/30 complete

[launcher] Starting  arch=B  seed=42  fold=1  GPU=0
[launcher]   log : exp_crosshop/logs/B_s42_f1.log
[launcher]   2Wiki: skipped
[launcher] Starting  arch=B  seed=42  fold=2  GPU=1
[launcher]   log : exp_crosshop/logs/B_s42_f2.log
[launcher]   2Wiki: skipped
[launcher] PID 340261 — OK
[launcher] PID 340263 — OK

[launcher] Progress: 18/30 complete

[launcher] Starting  arch=B  seed=42  fold=3  GPU=0
[launcher]   log : exp_crosshop/logs/B_s42_f3.log
[launcher]   2Wiki: skipped
[launcher] Starting  arch=B  seed=42  fold=4  GPU=1
[launcher]   log : exp_crosshop/logs/B_s42_f4.log
[launcher]   2Wiki: skipped
[launcher] PID 340405 — OK
[launcher] PID 340407 — OK

[launcher] Progress: 20/30 complete

[launcher] Starting  arch=B  seed=123  fold=0  GPU=0
[launcher]   log : exp_crosshop/logs/B_s123_f0.log
[launcher]   2Wiki: skipped
[launcher] Starting  arch=B  seed=123  fold=1  GPU=1
[launcher]   log : exp_crosshop/logs/B_s123_f1.log
[launcher]   2Wiki: skipped
[launcher] PID 342248 — OK
[launcher] PID 342250 — OK

[launcher] Progress: 22/30 complete

[launcher] Starting  arch=B  seed=123  fold=2  GPU=0
[launcher]   log : exp_crosshop/logs/B_s123_f2.log
[launcher]   2Wiki: skipped
[launcher] Starting  arch=B  seed=123  fold=3  GPU=1
[launcher]   log : exp_crosshop/logs/B_s123_f3.log
[launcher]   2Wiki: skipped
[launcher] PID 377164 — OK
[launcher] PID 377166 — OK

[launcher] Progress: 24/30 complete

[launcher] Starting  arch=B  seed=123  fold=4  GPU=0
[launcher]   log : exp_crosshop/logs/B_s123_f4.log
[launcher]   2Wiki: skipped
[launcher] Starting  arch=B  seed=456  fold=0  GPU=1
[launcher]   log : exp_crosshop/logs/B_s456_f0.log
[launcher]   2Wiki: skipped
[launcher] PID 426130 — OK
[launcher] PID 426132 — OK

[launcher] Progress: 26/30 complete

[launcher] Starting  arch=B  seed=456  fold=1  GPU=0
[launcher]   log : exp_crosshop/logs/B_s456_f1.log
[launcher]   2Wiki: skipped
[launcher] Starting  arch=B  seed=456  fold=2  GPU=1
[launcher]   log : exp_crosshop/logs/B_s456_f2.log
[launcher]   2Wiki: skipped
[launcher] PID 474314 — OK
[launcher] PID 474316 — OK

[launcher] Progress: 28/30 complete

[launcher] Starting  arch=B  seed=456  fold=3  GPU=0
[launcher]   log : exp_crosshop/logs/B_s456_f3.log
[launcher]   2Wiki: skipped
[launcher] Starting  arch=B  seed=456  fold=4  GPU=1
[launcher]   log : exp_crosshop/logs/B_s456_f4.log
[launcher]   2Wiki: skipped
[launcher] PID 518506 — OK
[launcher] PID 518508 — OK

[launcher] Progress: 30/30 complete

══════════════════════════════════════════════════════════════════
  Launcher finished.  30/30 runs complete.
══════════════════════════════════════════════════════════════════

[launcher] All runs complete — running aggregation ...

========================================================================
  CROSS-HOP ATTENTION EXPERIMENT — AGGREGATED RESULTS
========================================================================
  Arch A: 15 runs  ✓
  Arch B: 15 runs  ✓
  Arch C: 0 runs  ⚠ 0/15

  WARNING: Archs ['C'] have fewer than 5 runs.
  Results may be incomplete. Proceeding anyway.

  Arch C: no results found — skipping.
  Arch     EM mean              95% CI   Pearson   CKA_post    Anchor_Δ    2Wiki
  ----------------------------------------------------------------------
  A         0.5712     [0.5705,0.5721]    0.7316     0.9976     +0.0438      N/A
  B         0.5717     [0.5705,0.5728]    0.7260     0.9960     +0.0452      N/A

Traceback (most recent call last):
  File "/var/tmp/u24sf51014/sro/work/sro-proof-hotpot/tools/aggregate_results.py", line 366, in <module>
    main()
  File "/var/tmp/u24sf51014/sro/work/sro-proof-hotpot/tools/aggregate_results.py", line 307, in main
    comp = compare_archs(agg[arch_a], agg[arch_b],
  File "/var/tmp/u24sf51014/sro/work/sro-proof-hotpot/tools/aggregate_results.py", line 213, in compare_archs
    verdict = (f"PARTIAL UPDATE ({label_b} optional ablation): "
ValueError: Invalid format specifier

[launcher] Verdict saved to: exp_crosshop/verdict.json
