[23:25:55] ======================================================================
[23:25:55]   PHASE 0: THE DECISIVE ABLATIONS
[23:25:55] ======================================================================
[23:25:55] ======================================================================
[23:25:55]   SCHEMA INSPECTION — verify these match your data
[23:25:55] ======================================================================
[23:25:55] 
  --- candidates: exp_distractor/candidates/dev_M5_sampling.jsonl ---
[23:25:55]   Keys: ['schema_version', 'split', 'qid', 'candidates', 'generation_context', 'stats']
[23:25:55]   candidates[0] keys: ['answer_id', 'answer_text']
[23:25:55] 
  --- hop_scores: exp_distractor/preds/dev_hop_scores.jsonl ---
[23:25:55]   Keys: ['qid', 'gold', 'flat_em', 'min_em', 'mean_em', 'oracle_em', 'candidates']
[23:25:55]   candidates[0] keys: ['cand_idx', 'answer', 'nli_flat', 'nli_hop1', 'nli_hop2', 'min_hop', 'mean_hop', 'imbalance']
[23:25:55] 
  --- qa_scores: exp_distractor/preds/dev_qa_hop_scores.jsonl ---
[23:25:55]   Keys: ['qid', 'question', 'gold', 'hop1_len', 'hop2_len', 'candidates']
[23:25:55]   candidates[0] keys: ['answer_id', 'answer_text', 'qa_hop1', 'qa_hop2', 'qa_flat', 'qa_hop_balance', 'qa_min_hop']
[23:25:55] 
  --- lex_features: exp_distractor/preds/dev_lex_features.jsonl ---
[23:25:55]   Keys: ['qid', 'question', 'gold', 'q_entities', 'hop1_len', 'hop2_len', 'candidates']
[23:25:55]   candidates[0] keys: ['answer_id', 'answer_text', 'ans_in_hop1', 'ans_in_hop2', 'ans_in_both', 'ans_in_neither', 'lex_hop1', 'lex_hop2', 'lex_flat', 'lex_hop_balance', 'lex_min_hop', 'q_entity_in_hop1', 'q_entity_in_hop2']
[23:25:55] 
  --- monolithic_preds: exp0c/preds/dev_chain_verifier_mean_preds.jsonl ---
[23:25:55]   Keys: ['qid', 'pred', 'probs', 'best_idx']
[23:25:55] 
======================================================================
[23:25:55]   ✓ candidates: exp_distractor/candidates/dev_M5_sampling.jsonl
[23:25:55]   ✓ hop_scores: exp_distractor/preds/dev_hop_scores.jsonl
[23:25:55]   ✓ qa_scores: exp_distractor/preds/dev_qa_hop_scores.jsonl
[23:25:55]   ✓ lex_features: exp_distractor/preds/dev_lex_features.jsonl
[23:25:55]   ✓ mono_preds: exp0c/preds/dev_chain_verifier_mean_preds.jsonl
[23:25:55]   ✓ gold: data/hotpotqa/raw/hotpot_dev_distractor_v1.json
[23:25:55] 
Loading data ...
[23:25:56]   Gold: 7405 questions
[23:25:56]   Candidates: 7405 questions
[23:25:57]   Hop scores: 7405 questions
[23:25:57]   QA scores: 7405 questions
[23:25:57]   Lex features: 7405 questions
[23:25:57]   Monolithic preds: 7405 questions
[23:25:57]   Greedy preds: 7405 questions (same-setting fallback)
[23:25:57]   Fallback source: GREEDY (same-setting, 7405 questions)
[23:25:57]   Loaded in 2.0s
[23:25:57] 
Applying Stage 1 garbage filter ...
[23:25:58]   Before: 37025 candidates
[23:25:58]   After:  30585 candidates
[23:25:58]   Filter rate: 17.4%
[23:25:58]   All-filtered questions: 962
[23:25:58]   Oracle EM before filter: 3693/7405 = 0.4987
[23:25:58]   Oracle EM after filter:  3693/7405 = 0.4987
[23:25:58]   Oracle EM (system):      3693/7405 = 0.4987
[23:25:58]   False negatives (correct answers filtered): 0
[23:25:58]   Fallback correct among 962 all-filtered: 0
[23:25:58] 
Building feature matrices ...
[23:25:59]   Feature matrices built for 6443 questions
[23:25:59] Running Z1: majority vote on filtered pool ...
[23:25:59]   Z1 result: 3446/7405 = 0.4654 EM
[23:25:59] 
[23:26:00] Running Z2_surface_only: 10 features ...
[23:26:00]   Features: ['nli_score', 'nli_rank', 'nli_score_gap', 'answer_freq', 'is_majority', 'answer_len_chars', 'answer_len_words', 'cand_idx', 'unique_count', 'answer_freq_filtered']
[23:26:00]   Matrix: 30585 candidates × 10 features
[23:26:00]   Positive rate: 0.5338 (16327/30585)
[23:26:01]   Fold 1/5: train=24444cands(5154q) val=6141cands(1289q)
[23:26:01]   Fold 2/5: train=24468cands(5154q) val=6117cands(1289q)
[23:26:02]   Fold 3/5: train=24474cands(5154q) val=6111cands(1289q)
[23:26:02]   Fold 4/5: train=24485cands(5155q) val=6100cands(1288q)
[23:26:02]   Fold 5/5: train=24469cands(5155q) val=6116cands(1288q)
[23:26:02]   Z2_surface_only result: 3448/7405 = 0.4656 EM
[23:26:02]   Feature importances (top-10):
[23:26:02]     # 1  answer_freq_filtered      0.4082
[23:26:02]     # 2  unique_count              0.1190
[23:26:02]     # 3  answer_len_chars          0.0837
[23:26:02]     # 4  nli_score                 0.0791
[23:26:02]     # 5  answer_len_words          0.0777
[23:26:02]     # 6  answer_freq               0.0767
[23:26:02]     # 7  nli_score_gap             0.0637
[23:26:02]     # 8  is_majority               0.0467
[23:26:02]     # 9  cand_idx                  0.0236
[23:26:02]     #10  nli_rank                  0.0214
[23:26:02] 
[23:26:02] Running Z3_chain_only: 10 features ...
[23:26:02]   Features: ['cand_idx', 'nli_hop1', 'nli_hop2', 'nli_hop_balance', 'qa_hop1', 'qa_hop2', 'qa_hop_balance', 'lex_hop1', 'lex_hop2', 'lex_hop_balance']
[23:26:02]   Matrix: 30585 candidates × 10 features
[23:26:02]   Positive rate: 0.5338 (16327/30585)
[23:26:03]   Fold 1/5: train=24444cands(5154q) val=6141cands(1289q)
[23:26:03]   Fold 2/5: train=24468cands(5154q) val=6117cands(1289q)
[23:26:03]   Fold 3/5: train=24474cands(5154q) val=6111cands(1289q)
[23:26:03]   Fold 4/5: train=24485cands(5155q) val=6100cands(1288q)
[23:26:04]   Fold 5/5: train=24469cands(5155q) val=6116cands(1288q)
[23:26:04]   Z3_chain_only result: 3517/7405 = 0.4749 EM
[23:26:04]   Feature importances (top-10):
[23:26:04]     # 1  qa_hop2                   0.1825
[23:26:04]     # 2  qa_hop_balance            0.1286
[23:26:04]     # 3  lex_hop1                  0.0992
[23:26:04]     # 4  lex_hop2                  0.0969
[23:26:04]     # 5  nli_hop_balance           0.0957
[23:26:04]     # 6  nli_hop2                  0.0936
[23:26:04]     # 7  nli_hop1                  0.0933
[23:26:04]     # 8  lex_hop_balance           0.0920
[23:26:04]     # 9  qa_hop1                   0.0831
[23:26:04]     #10  cand_idx                  0.0350
[23:26:04] 
[23:26:04] Running Z_full_all_features: 19 features ...
[23:26:04]   Features: ['nli_score', 'nli_rank', 'nli_score_gap', 'answer_freq', 'is_majority', 'answer_len_chars', 'answer_len_words', 'cand_idx', 'unique_count', 'answer_freq_filtered', 'nli_hop1', 'nli_hop2', 'nli_hop_balance', 'qa_hop1', 'qa_hop2', 'qa_hop_balance', 'lex_hop1', 'lex_hop2', 'lex_hop_balance']
[23:26:04]   Matrix: 30585 candidates × 19 features
[23:26:04]   Positive rate: 0.5338 (16327/30585)
[23:26:04]   Fold 1/5: train=24444cands(5154q) val=6141cands(1289q)
[23:26:04]   Fold 2/5: train=24468cands(5154q) val=6117cands(1289q)
[23:26:05]   Fold 3/5: train=24474cands(5154q) val=6111cands(1289q)
[23:26:05]   Fold 4/5: train=24485cands(5155q) val=6100cands(1288q)
[23:26:05]   Fold 5/5: train=24469cands(5155q) val=6116cands(1288q)
[23:26:05]   Z_full_all_features result: 3519/7405 = 0.4752 EM
[23:26:05]   Feature importances (top-10):
[23:26:05]     # 1  answer_freq_filtered      0.2993
[23:26:05]     # 2  qa_hop2                   0.0872
[23:26:05]     # 3  answer_len_chars          0.0561
[23:26:05]     # 4  qa_hop_balance            0.0527
[23:26:05]     # 5  answer_freq               0.0493
[23:26:05]     # 6  lex_hop_balance           0.0452
[23:26:05]     # 7  answer_len_words          0.0435
[23:26:05]     # 8  lex_hop1                  0.0432
[23:26:05]     # 9  nli_hop_balance           0.0413
[23:26:05]     #10  nli_hop1                  0.0407
[23:26:05] 
[23:26:05] ======================================================================
[23:26:05]   PHASE 0 RESULTS — THE DECISIVE TABLE
[23:26:05] ======================================================================
[23:26:05]   System                                         EM  Δ vs mono    Δ vs Z1
[23:26:05]   --------------------------------------------------------------------
[23:26:05]   Monolithic XGBoost (reference)             0.4666    +0.0000    +0.0012
[23:26:05]   Z1: Stage1 + majority vote                 0.4654    -0.0012    +0.0000
[23:26:05]   Z2: Stage1 + XGB surface only              0.4656    -0.0010    +0.0003
[23:26:05]   Z3: Stage1 + XGB chain only                0.4749    +0.0083    +0.0096
[23:26:05]   Z_full: Stage1 + XGB all 19                0.4752    +0.0086    +0.0099
[23:26:05]   --------------------------------------------------------------------
[23:26:05] 
[23:26:05]   INTERPRETATION:
[23:26:05]   Chain feature marginal contribution: +0.0096 (+0.96pp)
[23:26:05]   Surface feature marginal contribution: +0.0003 (+0.03pp)
[23:26:05]   Full model vs majority vote: +0.0099 (+0.99pp)
[23:26:05]   ✓ CHAIN FEATURES CONTRIBUTE MEANINGFULLY (≥0.2pp)
[23:26:05]     → Chain-aware claim survives
[23:26:05] 
[23:26:05] ======================================================================
[23:26:05]   Results saved to exp_distractor/results_v2/phase0_results.json
[23:26:05]   Predictions saved to exp_distractor/results_v2/z*_preds.jsonl
